TN:
SF:index.js
FN:82,analyzeNetworkRequests
FN:92,(anonymous_1)
FN:96,(anonymous_2)
FN:130,(anonymous_3)
FN:144,checkSecurityHeaders
FN:156,(anonymous_5)
FN:179,checkCanonicalUrl
FN:211,(anonymous_7)
FN:212,(anonymous_8)
FN:241,checkHttp3Support
FN:272,detectGoogleServices
FN:282,(anonymous_11)
FN:283,(anonymous_12)
FN:288,(anonymous_13)
FN:311,(anonymous_14)
FN:312,(anonymous_15)
FN:324,(anonymous_16)
FN:326,(anonymous_17)
FN:328,(anonymous_18)
FN:350,detectWordPress
FN:370,(anonymous_20)
FN:377,(anonymous_21)
FN:377,(anonymous_22)
FN:483,checkBrokenLinks
FN:531,runPageAudit
FN:541,(anonymous_25)
FN:548,(anonymous_26)
FN:553,(anonymous_27)
FN:589,(anonymous_28)
FN:590,(anonymous_29)
FN:607,runFunctionalTests
FN:627,(anonymous_31)
FN:628,(anonymous_32)
FN:636,(anonymous_33)
FN:639,(anonymous_34)
FN:640,(anonymous_35)
FN:651,(anonymous_36)
FN:652,(anonymous_37)
FN:660,(anonymous_38)
FN:663,(anonymous_39)
FN:664,(anonymous_40)
FN:675,(anonymous_41)
FN:676,(anonymous_42)
FN:691,(anonymous_43)
FN:712,(anonymous_44)
FN:713,(anonymous_45)
FN:722,(anonymous_46)
FN:723,(anonymous_47)
FN:724,(anonymous_48)
FN:729,(anonymous_49)
FN:732,(anonymous_50)
FN:742,(anonymous_51)
FN:743,(anonymous_52)
FN:750,(anonymous_53)
FN:772,(anonymous_54)
FN:772,(anonymous_55)
FN:773,(anonymous_56)
FN:778,(anonymous_57)
FN:792,(anonymous_58)
FN:793,(anonymous_59)
FN:808,testApiEndpoints
FN:872,runLighthouseAudits
FN:923,(anonymous_62)
FN:924,(anonymous_63)
FN:925,(anonymous_64)
FN:926,(anonymous_65)
FN:988,(anonymous_66)
FN:989,(anonymous_67)
FN:990,(anonymous_68)
FN:991,(anonymous_69)
FN:1014,crawlAndAuditSite
FN:1110,(anonymous_71)
FN:1111,(anonymous_72)
FN:1137,(anonymous_73)
FN:1187,generateHtmlReport
FN:1189,(anonymous_75)
FN:1190,(anonymous_76)
FN:1191,(anonymous_77)
FN:1255,(anonymous_78)
FN:1261,(anonymous_79)
FN:1262,(anonymous_80)
FN:1263,(anonymous_81)
FN:1392,(anonymous_82)
FN:1420,(anonymous_83)
FN:1459,(anonymous_84)
FN:1491,(anonymous_85)
FN:1522,(anonymous_86)
FN:1553,(anonymous_87)
FN:1572,(anonymous_88)
FN:1613,(anonymous_89)
FN:1616,(anonymous_90)
FN:1639,(anonymous_91)
FN:1673,(anonymous_92)
FN:1680,(anonymous_93)
FN:1687,(anonymous_94)
FN:1723,generateMarkdownReport
FN:1725,(anonymous_96)
FN:1726,(anonymous_97)
FN:1727,(anonymous_98)
FN:1752,(anonymous_99)
FN:1753,(anonymous_100)
FN:1754,(anonymous_101)
FN:1755,(anonymous_102)
FN:1756,(anonymous_103)
FN:1764,(anonymous_104)
FN:1794,(anonymous_105)
FN:1798,(anonymous_106)
FN:1806,(anonymous_107)
FN:1826,(anonymous_108)
FN:1841,(anonymous_109)
FN:1856,(anonymous_110)
FN:1871,(anonymous_111)
FN:1883,(anonymous_112)
FN:1902,(anonymous_113)
FN:1904,(anonymous_114)
FN:1920,(anonymous_115)
FN:1929,(anonymous_116)
FN:1939,(anonymous_117)
FN:1949,(anonymous_118)
FN:1957,(anonymous_119)
FN:1962,(anonymous_120)
FN:1966,(anonymous_121)
FN:2050,saveToHistory
FN:2063,getHistoricalTrend
FN:2068,(anonymous_124)
FN:2073,(anonymous_125)
FN:2075,(anonymous_126)
FN:2089,runConcurrentAudits
FN:2119,(anonymous_128)
FN:2142,runAudit
FN:2201,(anonymous_130)
FNF:131
FNH:0
FNDA:0,analyzeNetworkRequests
FNDA:0,(anonymous_1)
FNDA:0,(anonymous_2)
FNDA:0,(anonymous_3)
FNDA:0,checkSecurityHeaders
FNDA:0,(anonymous_5)
FNDA:0,checkCanonicalUrl
FNDA:0,(anonymous_7)
FNDA:0,(anonymous_8)
FNDA:0,checkHttp3Support
FNDA:0,detectGoogleServices
FNDA:0,(anonymous_11)
FNDA:0,(anonymous_12)
FNDA:0,(anonymous_13)
FNDA:0,(anonymous_14)
FNDA:0,(anonymous_15)
FNDA:0,(anonymous_16)
FNDA:0,(anonymous_17)
FNDA:0,(anonymous_18)
FNDA:0,detectWordPress
FNDA:0,(anonymous_20)
FNDA:0,(anonymous_21)
FNDA:0,(anonymous_22)
FNDA:0,checkBrokenLinks
FNDA:0,runPageAudit
FNDA:0,(anonymous_25)
FNDA:0,(anonymous_26)
FNDA:0,(anonymous_27)
FNDA:0,(anonymous_28)
FNDA:0,(anonymous_29)
FNDA:0,runFunctionalTests
FNDA:0,(anonymous_31)
FNDA:0,(anonymous_32)
FNDA:0,(anonymous_33)
FNDA:0,(anonymous_34)
FNDA:0,(anonymous_35)
FNDA:0,(anonymous_36)
FNDA:0,(anonymous_37)
FNDA:0,(anonymous_38)
FNDA:0,(anonymous_39)
FNDA:0,(anonymous_40)
FNDA:0,(anonymous_41)
FNDA:0,(anonymous_42)
FNDA:0,(anonymous_43)
FNDA:0,(anonymous_44)
FNDA:0,(anonymous_45)
FNDA:0,(anonymous_46)
FNDA:0,(anonymous_47)
FNDA:0,(anonymous_48)
FNDA:0,(anonymous_49)
FNDA:0,(anonymous_50)
FNDA:0,(anonymous_51)
FNDA:0,(anonymous_52)
FNDA:0,(anonymous_53)
FNDA:0,(anonymous_54)
FNDA:0,(anonymous_55)
FNDA:0,(anonymous_56)
FNDA:0,(anonymous_57)
FNDA:0,(anonymous_58)
FNDA:0,(anonymous_59)
FNDA:0,testApiEndpoints
FNDA:0,runLighthouseAudits
FNDA:0,(anonymous_62)
FNDA:0,(anonymous_63)
FNDA:0,(anonymous_64)
FNDA:0,(anonymous_65)
FNDA:0,(anonymous_66)
FNDA:0,(anonymous_67)
FNDA:0,(anonymous_68)
FNDA:0,(anonymous_69)
FNDA:0,crawlAndAuditSite
FNDA:0,(anonymous_71)
FNDA:0,(anonymous_72)
FNDA:0,(anonymous_73)
FNDA:0,generateHtmlReport
FNDA:0,(anonymous_75)
FNDA:0,(anonymous_76)
FNDA:0,(anonymous_77)
FNDA:0,(anonymous_78)
FNDA:0,(anonymous_79)
FNDA:0,(anonymous_80)
FNDA:0,(anonymous_81)
FNDA:0,(anonymous_82)
FNDA:0,(anonymous_83)
FNDA:0,(anonymous_84)
FNDA:0,(anonymous_85)
FNDA:0,(anonymous_86)
FNDA:0,(anonymous_87)
FNDA:0,(anonymous_88)
FNDA:0,(anonymous_89)
FNDA:0,(anonymous_90)
FNDA:0,(anonymous_91)
FNDA:0,(anonymous_92)
FNDA:0,(anonymous_93)
FNDA:0,(anonymous_94)
FNDA:0,generateMarkdownReport
FNDA:0,(anonymous_96)
FNDA:0,(anonymous_97)
FNDA:0,(anonymous_98)
FNDA:0,(anonymous_99)
FNDA:0,(anonymous_100)
FNDA:0,(anonymous_101)
FNDA:0,(anonymous_102)
FNDA:0,(anonymous_103)
FNDA:0,(anonymous_104)
FNDA:0,(anonymous_105)
FNDA:0,(anonymous_106)
FNDA:0,(anonymous_107)
FNDA:0,(anonymous_108)
FNDA:0,(anonymous_109)
FNDA:0,(anonymous_110)
FNDA:0,(anonymous_111)
FNDA:0,(anonymous_112)
FNDA:0,(anonymous_113)
FNDA:0,(anonymous_114)
FNDA:0,(anonymous_115)
FNDA:0,(anonymous_116)
FNDA:0,(anonymous_117)
FNDA:0,(anonymous_118)
FNDA:0,(anonymous_119)
FNDA:0,(anonymous_120)
FNDA:0,(anonymous_121)
FNDA:0,saveToHistory
FNDA:0,getHistoricalTrend
FNDA:0,(anonymous_124)
FNDA:0,(anonymous_125)
FNDA:0,(anonymous_126)
FNDA:0,runConcurrentAudits
FNDA:0,(anonymous_128)
FNDA:0,runAudit
FNDA:0,(anonymous_130)
DA:1,0
DA:2,0
DA:3,0
DA:4,0
DA:5,0
DA:6,0
DA:7,0
DA:8,0
DA:9,0
DA:10,0
DA:15,0
DA:26,0
DA:39,0
DA:83,0
DA:90,0
DA:92,0
DA:93,0
DA:96,0
DA:97,0
DA:98,0
DA:99,0
DA:100,0
DA:101,0
DA:103,0
DA:104,0
DA:105,0
DA:106,0
DA:112,0
DA:113,0
DA:121,0
DA:122,0
DA:130,0
DA:131,0
DA:138,0
DA:145,0
DA:152,0
DA:153,0
DA:154,0
DA:156,0
DA:157,0
DA:158,0
DA:159,0
DA:161,0
DA:166,0
DA:170,0
DA:173,0
DA:180,0
DA:187,0
DA:188,0
DA:189,0
DA:192,0
DA:193,0
DA:194,0
DA:195,0
DA:196,0
DA:197,0
DA:198,0
DA:206,0
DA:207,0
DA:209,0
DA:210,0
DA:211,0
DA:212,0
DA:215,0
DA:216,0
DA:217,0
DA:218,0
DA:219,0
DA:222,0
DA:225,0
DA:226,0
DA:228,0
DA:229,0
DA:232,0
DA:235,0
DA:242,0
DA:248,0
DA:249,0
DA:250,0
DA:252,0
DA:253,0
DA:255,0
DA:256,0
DA:263,0
DA:266,0
DA:273,0
DA:279,0
DA:281,0
DA:282,0
DA:283,0
DA:287,0
DA:288,0
DA:289,0
DA:290,0
DA:291,0
DA:292,0
DA:296,0
DA:297,0
DA:298,0
DA:299,0
DA:301,0
DA:302,0
DA:303,0
DA:304,0
DA:305,0
DA:306,0
DA:307,0
DA:311,0
DA:312,0
DA:314,0
DA:315,0
DA:316,0
DA:317,0
DA:318,0
DA:319,0
DA:323,0
DA:324,0
DA:325,0
DA:326,0
DA:327,0
DA:328,0
DA:330,0
DA:331,0
DA:332,0
DA:333,0
DA:334,0
DA:335,0
DA:336,0
DA:337,0
DA:338,0
DA:341,0
DA:344,0
DA:351,0
DA:352,0
DA:360,0
DA:361,0
DA:362,0
DA:363,0
DA:364,0
DA:367,0
DA:368,0
DA:370,0
DA:371,0
DA:372,0
DA:373,0
DA:374,0
DA:377,0
DA:378,0
DA:379,0
DA:382,0
DA:388,0
DA:389,0
DA:390,0
DA:391,0
DA:393,0
DA:397,0
DA:398,0
DA:399,0
DA:400,0
DA:401,0
DA:403,0
DA:404,0
DA:406,0
DA:410,0
DA:411,0
DA:412,0
DA:413,0
DA:415,0
DA:419,0
DA:420,0
DA:421,0
DA:422,0
DA:423,0
DA:424,0
DA:426,0
DA:427,0
DA:432,0
DA:433,0
DA:434,0
DA:435,0
DA:436,0
DA:437,0
DA:439,0
DA:443,0
DA:444,0
DA:445,0
DA:446,0
DA:447,0
DA:450,0
DA:451,0
DA:452,0
DA:453,0
DA:455,0
DA:456,0
DA:457,0
DA:460,0
DA:461,0
DA:462,0
DA:464,0
DA:465,0
DA:468,0
DA:474,0
DA:477,0
DA:484,0
DA:491,0
DA:493,0
DA:494,0
DA:495,0
DA:498,0
DA:500,0
DA:502,0
DA:508,0
DA:509,0
DA:514,0
DA:517,0
DA:525,0
DA:532,0
DA:533,0
DA:534,0
DA:539,0
DA:541,0
DA:542,0
DA:543,0
DA:548,0
DA:549,0
DA:550,0
DA:553,0
DA:554,0
DA:555,0
DA:556,0
DA:557,0
DA:559,0
DA:560,0
DA:566,0
DA:567,0
DA:574,0
DA:575,0
DA:577,0
DA:579,0
DA:581,0
DA:582,0
DA:587,0
DA:588,0
DA:589,0
DA:590,0
DA:593,0
DA:596,0
DA:597,0
DA:600,0
DA:601,0
DA:608,0
DA:618,0
DA:620,0
DA:621,0
DA:622,0
DA:625,0
DA:626,0
DA:627,0
DA:628,0
DA:636,0
DA:637,0
DA:639,0
DA:640,0
DA:641,0
DA:643,0
DA:645,0
DA:649,0
DA:650,0
DA:651,0
DA:652,0
DA:660,0
DA:661,0
DA:663,0
DA:664,0
DA:665,0
DA:667,0
DA:669,0
DA:673,0
DA:674,0
DA:675,0
DA:676,0
DA:677,0
DA:678,0
DA:679,0
DA:680,0
DA:691,0
DA:692,0
DA:693,0
DA:695,0
DA:696,0
DA:697,0
DA:698,0
DA:702,0
DA:703,0
DA:706,0
DA:710,0
DA:711,0
DA:712,0
DA:713,0
DA:722,0
DA:723,0
DA:724,0
DA:726,0
DA:727,0
DA:729,0
DA:730,0
DA:732,0
DA:733,0
DA:736,0
DA:740,0
DA:741,0
DA:742,0
DA:743,0
DA:750,0
DA:751,0
DA:752,0
DA:754,0
DA:755,0
DA:756,0
DA:760,0
DA:761,0
DA:764,0
DA:768,0
DA:769,0
DA:770,0
DA:772,0
DA:773,0
DA:778,0
DA:779,0
DA:782,0
DA:783,0
DA:786,0
DA:790,0
DA:792,0
DA:793,0
DA:794,0
DA:797,0
DA:799,0
DA:802,0
DA:809,0
DA:817,0
DA:831,0
DA:833,0
DA:834,0
DA:835,0
DA:836,0
DA:842,0
DA:844,0
DA:845,0
DA:846,0
DA:848,0
DA:849,0
DA:851,0
DA:852,0
DA:855,0
DA:857,0
DA:858,0
DA:859,0
DA:861,0
DA:866,0
DA:873,0
DA:879,0
DA:880,0
DA:900,0
DA:923,0
DA:924,0
DA:925,0
DA:926,0
DA:940,0
DA:944,0
DA:945,0
DA:965,0
DA:988,0
DA:989,0
DA:990,0
DA:991,0
DA:1005,0
DA:1008,0
DA:1015,0
DA:1016,0
DA:1017,0
DA:1018,0
DA:1019,0
DA:1036,0
DA:1041,0
DA:1042,0
DA:1043,0
DA:1045,0
DA:1048,0
DA:1049,0
DA:1051,0
DA:1052,0
DA:1054,0
DA:1055,0
DA:1058,0
DA:1061,0
DA:1062,0
DA:1063,0
DA:1064,0
DA:1066,0
DA:1067,0
DA:1069,0
DA:1071,0
DA:1074,0
DA:1081,0
DA:1082,0
DA:1085,0
DA:1088,0
DA:1089,0
DA:1090,0
DA:1091,0
DA:1093,0
DA:1095,0
DA:1099,0
DA:1100,0
DA:1101,0
DA:1103,0
DA:1106,0
DA:1107,0
DA:1109,0
DA:1110,0
DA:1111,0
DA:1113,0
DA:1115,0
DA:1118,0
DA:1121,0
DA:1137,0
DA:1138,0
DA:1139,0
DA:1140,0
DA:1141,0
DA:1142,0
DA:1143,0
DA:1144,0
DA:1151,0
DA:1152,0
DA:1167,0
DA:1168,0
DA:1171,0
DA:1172,0
DA:1173,0
DA:1174,0
DA:1175,0
DA:1177,0
DA:1180,0
DA:1181,0
DA:1188,0
DA:1189,0
DA:1190,0
DA:1191,0
DA:1192,0
DA:1194,0
DA:1254,0
DA:1255,0
DA:1256,0
DA:1258,0
DA:1261,0
DA:1262,0
DA:1263,0
DA:1265,0
DA:1268,0
DA:1271,0
DA:1284,0
DA:1285,0
DA:1298,0
DA:1299,0
DA:1312,0
DA:1313,0
DA:1323,0
DA:1324,0
DA:1341,0
DA:1342,0
DA:1364,0
DA:1365,0
DA:1378,0
DA:1379,0
DA:1392,0
DA:1403,0
DA:1406,0
DA:1420,0
DA:1421,0
DA:1422,0
DA:1423,0
DA:1424,0
DA:1425,0
DA:1426,0
DA:1428,0
DA:1440,0
DA:1443,0
DA:1459,0
DA:1460,0
DA:1461,0
DA:1475,0
DA:1478,0
DA:1491,0
DA:1492,0
DA:1493,0
DA:1504,0
DA:1507,0
DA:1522,0
DA:1523,0
DA:1524,0
DA:1537,0
DA:1540,0
DA:1553,0
DA:1554,0
DA:1555,0
DA:1566,0
DA:1569,0
DA:1572,0
DA:1573,0
DA:1574,0
DA:1576,0
DA:1579,0
DA:1580,0
DA:1584,0
DA:1611,0
DA:1612,0
DA:1613,0
DA:1614,0
DA:1615,0
DA:1616,0
DA:1617,0
DA:1619,0
DA:1622,0
DA:1624,0
DA:1627,0
DA:1630,0
DA:1633,0
DA:1636,0
DA:1639,0
DA:1640,0
DA:1641,0
DA:1646,0
DA:1647,0
DA:1653,0
DA:1654,0
DA:1660,0
DA:1661,0
DA:1666,0
DA:1669,0
DA:1670,0
DA:1671,0
DA:1672,0
DA:1673,0
DA:1674,0
DA:1676,0
DA:1678,0
DA:1679,0
DA:1680,0
DA:1681,0
DA:1683,0
DA:1685,0
DA:1686,0
DA:1687,0
DA:1688,0
DA:1690,0
DA:1692,0
DA:1695,0
DA:1698,0
DA:1699,0
DA:1702,0
DA:1717,0
DA:1724,0
DA:1725,0
DA:1726,0
DA:1727,0
DA:1728,0
DA:1730,0
DA:1752,0
DA:1753,0
DA:1754,0
DA:1755,0
DA:1756,0
DA:1757,0
DA:1759,0
DA:1762,0
DA:1764,0
DA:1765,0
DA:1794,0
DA:1798,0
DA:1806,0
DA:1807,0
DA:1808,0
DA:1809,0
DA:1810,0
DA:1811,0
DA:1812,0
DA:1814,0
DA:1815,0
DA:1817,0
DA:1822,0
DA:1823,0
DA:1824,0
DA:1826,0
DA:1827,0
DA:1828,0
DA:1829,0
DA:1831,0
DA:1832,0
DA:1837,0
DA:1838,0
DA:1839,0
DA:1841,0
DA:1842,0
DA:1843,0
DA:1844,0
DA:1846,0
DA:1847,0
DA:1852,0
DA:1853,0
DA:1854,0
DA:1856,0
DA:1857,0
DA:1858,0
DA:1859,0
DA:1861,0
DA:1862,0
DA:1867,0
DA:1868,0
DA:1869,0
DA:1871,0
DA:1872,0
DA:1873,0
DA:1874,0
DA:1876,0
DA:1877,0
DA:1882,0
DA:1883,0
DA:1884,0
DA:1885,0
DA:1886,0
DA:1888,0
DA:1889,0
DA:1893,0
DA:1894,0
DA:1895,0
DA:1896,0
DA:1897,0
DA:1898,0
DA:1900,0
DA:1901,0
DA:1902,0
DA:1903,0
DA:1904,0
DA:1905,0
DA:1910,0
DA:1913,0
DA:1915,0
DA:1919,0
DA:1920,0
DA:1921,0
DA:1922,0
DA:1925,0
DA:1926,0
DA:1928,0
DA:1929,0
DA:1930,0
DA:1935,0
DA:1936,0
DA:1938,0
DA:1939,0
DA:1940,0
DA:1945,0
DA:1946,0
DA:1948,0
DA:1949,0
DA:1950,0
DA:1953,0
DA:1957,0
DA:1958,0
DA:1960,0
DA:1961,0
DA:1962,0
DA:1963,0
DA:1964,0
DA:1965,0
DA:1966,0
DA:1967,0
DA:1975,0
DA:2044,0
DA:2051,0
DA:2053,0
DA:2054,0
DA:2056,0
DA:2057,0
DA:2059,0
DA:2060,0
DA:2064,0
DA:2065,0
DA:2067,0
DA:2068,0
DA:2070,0
DA:2071,0
DA:2072,0
DA:2073,0
DA:2074,0
DA:2075,0
DA:2076,0
DA:2083,0
DA:2090,0
DA:2093,0
DA:2094,0
DA:2095,0
DA:2096,0
DA:2097,0
DA:2099,0
DA:2100,0
DA:2108,0
DA:2112,0
DA:2113,0
DA:2114,0
DA:2117,0
DA:2118,0
DA:2120,0
DA:2121,0
DA:2123,0
DA:2124,0
DA:2133,0
DA:2136,0
DA:2143,0
DA:2147,0
DA:2148,0
DA:2152,0
DA:2153,0
DA:2155,0
DA:2158,0
DA:2159,0
DA:2162,0
DA:2165,0
DA:2166,0
DA:2167,0
DA:2170,0
DA:2171,0
DA:2172,0
DA:2175,0
DA:2176,0
DA:2177,0
DA:2180,0
DA:2182,0
DA:2185,0
DA:2186,0
DA:2193,0
DA:2194,0
DA:2196,0
DA:2197,0
DA:2198,0
DA:2201,0
DA:2202,0
DA:2203,0
DA:2206,0
DA:2209,0
LF:752
LH:0
BRDA:101,0,0,0
BRDA:101,0,1,0
BRDA:105,1,0,0
BRDA:105,1,1,0
BRDA:112,2,0,0
BRDA:112,2,1,0
BRDA:121,3,0,0
BRDA:121,3,1,0
BRDA:125,4,0,0
BRDA:125,4,1,0
BRDA:134,5,0,0
BRDA:134,5,1,0
BRDA:158,6,0,0
BRDA:158,6,1,0
BRDA:195,7,0,0
BRDA:195,7,1,0
BRDA:195,8,0,0
BRDA:195,8,1,0
BRDA:197,9,0,0
BRDA:197,9,1,0
BRDA:197,10,0,0
BRDA:197,10,1,0
BRDA:215,11,0,0
BRDA:215,11,1,0
BRDA:215,12,0,0
BRDA:215,12,1,0
BRDA:225,13,0,0
BRDA:225,13,1,0
BRDA:228,14,0,0
BRDA:228,14,1,0
BRDA:252,15,0,0
BRDA:252,15,1,0
BRDA:255,16,0,0
BRDA:255,16,1,0
BRDA:255,17,0,0
BRDA:255,17,1,0
BRDA:288,18,0,0
BRDA:288,18,1,0
BRDA:289,19,0,0
BRDA:289,19,1,0
BRDA:292,20,0,0
BRDA:292,20,1,0
BRDA:301,21,0,0
BRDA:301,21,1,0
BRDA:305,22,0,0
BRDA:305,22,1,0
BRDA:314,23,0,0
BRDA:314,23,1,0
BRDA:314,24,0,0
BRDA:314,24,1,0
BRDA:317,25,0,0
BRDA:317,25,1,0
BRDA:317,26,0,0
BRDA:317,26,1,0
BRDA:323,27,0,0
BRDA:323,27,1,0
BRDA:325,28,0,0
BRDA:325,28,1,0
BRDA:327,29,0,0
BRDA:327,29,1,0
BRDA:330,30,0,0
BRDA:330,30,1,0
BRDA:333,31,0,0
BRDA:333,31,1,0
BRDA:336,32,0,0
BRDA:336,32,1,0
BRDA:371,33,0,0
BRDA:371,33,1,0
BRDA:378,34,0,0
BRDA:378,34,1,0
BRDA:388,35,0,0
BRDA:388,35,1,0
BRDA:388,36,0,0
BRDA:388,36,1,0
BRDA:389,37,0,0
BRDA:389,37,1,0
BRDA:393,38,0,0
BRDA:393,38,1,0
BRDA:398,39,0,0
BRDA:398,39,1,0
BRDA:399,40,0,0
BRDA:399,40,1,0
BRDA:403,41,0,0
BRDA:403,41,1,0
BRDA:403,42,0,0
BRDA:403,42,1,0
BRDA:406,43,0,0
BRDA:406,43,1,0
BRDA:410,44,0,0
BRDA:410,44,1,0
BRDA:410,45,0,0
BRDA:410,45,1,0
BRDA:411,46,0,0
BRDA:411,46,1,0
BRDA:415,47,0,0
BRDA:415,47,1,0
BRDA:421,48,0,0
BRDA:421,48,1,0
BRDA:422,49,0,0
BRDA:422,49,1,0
BRDA:426,50,0,0
BRDA:426,50,1,0
BRDA:432,51,0,0
BRDA:432,51,1,0
BRDA:433,52,0,0
BRDA:433,52,1,0
BRDA:434,53,0,0
BRDA:434,53,1,0
BRDA:434,54,0,0
BRDA:434,54,1,0
BRDA:435,55,0,0
BRDA:435,55,1,0
BRDA:439,56,0,0
BRDA:439,56,1,0
BRDA:450,57,0,0
BRDA:450,57,1,0
BRDA:451,58,0,0
BRDA:451,58,1,0
BRDA:456,59,0,0
BRDA:456,59,1,0
BRDA:457,60,0,0
BRDA:457,60,1,0
BRDA:457,61,0,0
BRDA:457,61,1,0
BRDA:457,61,2,0
BRDA:460,62,0,0
BRDA:460,62,1,0
BRDA:465,63,0,0
BRDA:465,63,1,0
BRDA:468,64,0,0
BRDA:468,64,1,0
BRDA:498,65,0,0
BRDA:498,65,1,0
BRDA:508,66,0,0
BRDA:508,66,1,0
BRDA:542,67,0,0
BRDA:542,67,1,0
BRDA:557,68,0,0
BRDA:557,68,1,0
BRDA:559,69,0,0
BRDA:559,69,1,0
BRDA:566,70,0,0
BRDA:566,70,1,0
BRDA:596,71,0,0
BRDA:596,71,1,0
BRDA:630,72,0,0
BRDA:630,72,1,0
BRDA:632,73,0,0
BRDA:632,73,1,0
BRDA:636,74,0,0
BRDA:636,74,1,0
BRDA:639,75,0,0
BRDA:639,75,1,0
BRDA:641,76,0,0
BRDA:641,76,1,0
BRDA:653,77,0,0
BRDA:653,77,1,0
BRDA:653,77,2,0
BRDA:660,78,0,0
BRDA:660,78,1,0
BRDA:663,79,0,0
BRDA:663,79,1,0
BRDA:665,80,0,0
BRDA:665,80,1,0
BRDA:681,81,0,0
BRDA:681,81,1,0
BRDA:682,82,0,0
BRDA:682,82,1,0
BRDA:692,83,0,0
BRDA:692,83,1,0
BRDA:692,84,0,0
BRDA:692,84,1,0
BRDA:692,84,2,0
BRDA:696,85,0,0
BRDA:696,85,1,0
BRDA:697,86,0,0
BRDA:697,86,1,0
BRDA:698,87,0,0
BRDA:698,87,1,0
BRDA:702,88,0,0
BRDA:702,88,1,0
BRDA:714,89,0,0
BRDA:714,89,1,0
BRDA:715,90,0,0
BRDA:715,90,1,0
BRDA:717,91,0,0
BRDA:717,91,1,0
BRDA:723,92,0,0
BRDA:723,92,1,0
BRDA:724,93,0,0
BRDA:724,93,1,0
BRDA:751,94,0,0
BRDA:751,94,1,0
BRDA:751,95,0,0
BRDA:751,95,1,0
BRDA:755,96,0,0
BRDA:755,96,1,0
BRDA:756,97,0,0
BRDA:756,97,1,0
BRDA:760,98,0,0
BRDA:760,98,1,0
BRDA:773,99,0,0
BRDA:773,99,1,0
BRDA:774,100,0,0
BRDA:774,100,1,0
BRDA:782,101,0,0
BRDA:782,101,1,0
BRDA:844,102,0,0
BRDA:844,102,1,0
BRDA:846,103,0,0
BRDA:846,103,1,0
BRDA:846,104,0,0
BRDA:846,104,1,0
BRDA:849,105,0,0
BRDA:849,105,1,0
BRDA:857,106,0,0
BRDA:857,106,1,0
BRDA:857,107,0,0
BRDA:857,107,1,0
BRDA:902,108,0,0
BRDA:902,108,1,0
BRDA:903,109,0,0
BRDA:903,109,1,0
BRDA:904,110,0,0
BRDA:904,110,1,0
BRDA:905,111,0,0
BRDA:905,111,1,0
BRDA:907,112,0,0
BRDA:907,112,1,0
BRDA:908,113,0,0
BRDA:908,113,1,0
BRDA:909,114,0,0
BRDA:909,114,1,0
BRDA:910,115,0,0
BRDA:910,115,1,0
BRDA:911,116,0,0
BRDA:911,116,1,0
BRDA:912,117,0,0
BRDA:912,117,1,0
BRDA:913,118,0,0
BRDA:913,118,1,0
BRDA:914,119,0,0
BRDA:914,119,1,0
BRDA:916,120,0,0
BRDA:916,120,1,0
BRDA:917,121,0,0
BRDA:917,121,1,0
BRDA:918,122,0,0
BRDA:918,122,1,0
BRDA:919,123,0,0
BRDA:919,123,1,0
BRDA:920,124,0,0
BRDA:920,124,1,0
BRDA:922,125,0,0
BRDA:922,125,1,0
BRDA:923,126,0,0
BRDA:923,126,1,0
BRDA:924,127,0,0
BRDA:924,127,1,0
BRDA:925,128,0,0
BRDA:925,128,1,0
BRDA:926,129,0,0
BRDA:926,129,1,0
BRDA:928,130,0,0
BRDA:928,130,1,0
BRDA:929,131,0,0
BRDA:929,131,1,0
BRDA:930,132,0,0
BRDA:930,132,1,0
BRDA:931,133,0,0
BRDA:931,133,1,0
BRDA:932,134,0,0
BRDA:932,134,1,0
BRDA:934,135,0,0
BRDA:934,135,1,0
BRDA:935,136,0,0
BRDA:935,136,1,0
BRDA:936,137,0,0
BRDA:936,137,1,0
BRDA:937,138,0,0
BRDA:937,138,1,0
BRDA:967,139,0,0
BRDA:967,139,1,0
BRDA:968,140,0,0
BRDA:968,140,1,0
BRDA:969,141,0,0
BRDA:969,141,1,0
BRDA:970,142,0,0
BRDA:970,142,1,0
BRDA:972,143,0,0
BRDA:972,143,1,0
BRDA:973,144,0,0
BRDA:973,144,1,0
BRDA:974,145,0,0
BRDA:974,145,1,0
BRDA:975,146,0,0
BRDA:975,146,1,0
BRDA:976,147,0,0
BRDA:976,147,1,0
BRDA:977,148,0,0
BRDA:977,148,1,0
BRDA:978,149,0,0
BRDA:978,149,1,0
BRDA:979,150,0,0
BRDA:979,150,1,0
BRDA:981,151,0,0
BRDA:981,151,1,0
BRDA:982,152,0,0
BRDA:982,152,1,0
BRDA:983,153,0,0
BRDA:983,153,1,0
BRDA:984,154,0,0
BRDA:984,154,1,0
BRDA:985,155,0,0
BRDA:985,155,1,0
BRDA:987,156,0,0
BRDA:987,156,1,0
BRDA:988,157,0,0
BRDA:988,157,1,0
BRDA:989,158,0,0
BRDA:989,158,1,0
BRDA:990,159,0,0
BRDA:990,159,1,0
BRDA:991,160,0,0
BRDA:991,160,1,0
BRDA:993,161,0,0
BRDA:993,161,1,0
BRDA:994,162,0,0
BRDA:994,162,1,0
BRDA:995,163,0,0
BRDA:995,163,1,0
BRDA:996,164,0,0
BRDA:996,164,1,0
BRDA:997,165,0,0
BRDA:997,165,1,0
BRDA:999,166,0,0
BRDA:999,166,1,0
BRDA:1000,167,0,0
BRDA:1000,167,1,0
BRDA:1001,168,0,0
BRDA:1001,168,1,0
BRDA:1002,169,0,0
BRDA:1002,169,1,0
BRDA:1014,170,0,0
BRDA:1061,171,0,0
BRDA:1061,171,1,0
BRDA:1063,172,0,0
BRDA:1063,172,1,0
BRDA:1063,173,0,0
BRDA:1063,173,1,0
BRDA:1088,174,0,0
BRDA:1088,174,1,0
BRDA:1109,175,0,0
BRDA:1109,175,1,0
BRDA:1140,176,0,0
BRDA:1140,176,1,0
BRDA:1140,177,0,0
BRDA:1140,177,1,0
BRDA:1141,178,0,0
BRDA:1141,178,1,0
BRDA:1143,179,0,0
BRDA:1143,179,1,0
BRDA:1192,180,0,0
BRDA:1192,180,1,0
BRDA:1192,181,0,0
BRDA:1192,181,1,0
BRDA:1192,182,0,0
BRDA:1192,182,1,0
BRDA:1250,183,0,0
BRDA:1250,183,1,0
BRDA:1256,184,0,0
BRDA:1256,184,1,0
BRDA:1262,185,0,0
BRDA:1262,185,1,0
BRDA:1263,186,0,0
BRDA:1263,186,1,0
BRDA:1265,187,0,0
BRDA:1265,187,1,0
BRDA:1275,188,0,0
BRDA:1275,188,1,0
BRDA:1275,189,0,0
BRDA:1275,189,1,0
BRDA:1279,190,0,0
BRDA:1279,190,1,0
BRDA:1279,191,0,0
BRDA:1279,191,1,0
BRDA:1289,192,0,0
BRDA:1289,192,1,0
BRDA:1289,193,0,0
BRDA:1289,193,1,0
BRDA:1289,194,0,0
BRDA:1289,194,1,0
BRDA:1289,195,0,0
BRDA:1289,195,1,0
BRDA:1289,196,0,0
BRDA:1289,196,1,0
BRDA:1293,197,0,0
BRDA:1293,197,1,0
BRDA:1302,198,0,0
BRDA:1302,198,1,0
BRDA:1306,199,0,0
BRDA:1306,199,1,0
BRDA:1316,200,0,0
BRDA:1316,200,1,0
BRDA:1317,201,0,0
BRDA:1317,201,1,0
BRDA:1319,202,0,0
BRDA:1319,202,1,0
BRDA:1327,203,0,0
BRDA:1327,203,1,0
BRDA:1328,204,0,0
BRDA:1328,204,1,0
BRDA:1331,205,0,0
BRDA:1331,205,1,0
BRDA:1332,206,0,0
BRDA:1332,206,1,0
BRDA:1335,207,0,0
BRDA:1335,207,1,0
BRDA:1336,208,0,0
BRDA:1336,208,1,0
BRDA:1344,209,0,0
BRDA:1344,209,1,0
BRDA:1346,210,0,0
BRDA:1346,210,1,0
BRDA:1349,211,0,0
BRDA:1349,211,1,0
BRDA:1350,212,0,0
BRDA:1350,212,1,0
BRDA:1352,213,0,0
BRDA:1352,213,1,0
BRDA:1369,214,0,0
BRDA:1369,214,1,0
BRDA:1373,215,0,0
BRDA:1373,215,1,0
BRDA:1373,216,0,0
BRDA:1373,216,1,0
BRDA:1373,217,0,0
BRDA:1373,217,1,0
BRDA:1383,218,0,0
BRDA:1383,218,1,0
BRDA:1385,219,0,0
BRDA:1385,219,1,0
BRDA:1421,220,0,0
BRDA:1421,220,1,0
BRDA:1422,221,0,0
BRDA:1422,221,1,0
BRDA:1423,222,0,0
BRDA:1423,222,1,0
BRDA:1423,222,2,0
BRDA:1424,223,0,0
BRDA:1424,223,1,0
BRDA:1424,223,2,0
BRDA:1425,224,0,0
BRDA:1425,224,1,0
BRDA:1425,224,2,0
BRDA:1426,225,0,0
BRDA:1426,225,1,0
BRDA:1430,226,0,0
BRDA:1430,226,1,0
BRDA:1431,227,0,0
BRDA:1431,227,1,0
BRDA:1431,228,0,0
BRDA:1431,228,1,0
BRDA:1431,229,0,0
BRDA:1431,229,1,0
BRDA:1432,230,0,0
BRDA:1432,230,1,0
BRDA:1432,231,0,0
BRDA:1432,231,1,0
BRDA:1432,232,0,0
BRDA:1432,232,1,0
BRDA:1433,233,0,0
BRDA:1433,233,1,0
BRDA:1433,234,0,0
BRDA:1433,234,1,0
BRDA:1434,235,0,0
BRDA:1434,235,1,0
BRDA:1434,236,0,0
BRDA:1434,236,1,0
BRDA:1435,237,0,0
BRDA:1435,237,1,0
BRDA:1435,238,0,0
BRDA:1435,238,1,0
BRDA:1436,239,0,0
BRDA:1436,239,1,0
BRDA:1460,240,0,0
BRDA:1460,240,1,0
BRDA:1460,240,2,0
BRDA:1463,241,0,0
BRDA:1463,241,1,0
BRDA:1464,242,0,0
BRDA:1464,242,1,0
BRDA:1465,243,0,0
BRDA:1465,243,1,0
BRDA:1466,244,0,0
BRDA:1466,244,1,0
BRDA:1467,245,0,0
BRDA:1467,245,1,0
BRDA:1468,246,0,0
BRDA:1468,246,1,0
BRDA:1469,247,0,0
BRDA:1469,247,1,0
BRDA:1470,248,0,0
BRDA:1470,248,1,0
BRDA:1471,249,0,0
BRDA:1471,249,1,0
BRDA:1492,250,0,0
BRDA:1492,250,1,0
BRDA:1492,250,2,0
BRDA:1495,251,0,0
BRDA:1495,251,1,0
BRDA:1496,252,0,0
BRDA:1496,252,1,0
BRDA:1497,253,0,0
BRDA:1497,253,1,0
BRDA:1498,254,0,0
BRDA:1498,254,1,0
BRDA:1499,255,0,0
BRDA:1499,255,1,0
BRDA:1500,256,0,0
BRDA:1500,256,1,0
BRDA:1523,257,0,0
BRDA:1523,257,1,0
BRDA:1523,257,2,0
BRDA:1526,258,0,0
BRDA:1526,258,1,0
BRDA:1527,259,0,0
BRDA:1527,259,1,0
BRDA:1528,260,0,0
BRDA:1528,260,1,0
BRDA:1529,261,0,0
BRDA:1529,261,1,0
BRDA:1530,262,0,0
BRDA:1530,262,1,0
BRDA:1531,263,0,0
BRDA:1531,263,1,0
BRDA:1532,264,0,0
BRDA:1532,264,1,0
BRDA:1532,265,0,0
BRDA:1532,265,1,0
BRDA:1532,266,0,0
BRDA:1532,266,1,0
BRDA:1533,267,0,0
BRDA:1533,267,1,0
BRDA:1554,268,0,0
BRDA:1554,268,1,0
BRDA:1554,268,2,0
BRDA:1557,269,0,0
BRDA:1557,269,1,0
BRDA:1558,270,0,0
BRDA:1558,270,1,0
BRDA:1559,271,0,0
BRDA:1559,271,1,0
BRDA:1560,272,0,0
BRDA:1560,272,1,0
BRDA:1561,273,0,0
BRDA:1561,273,1,0
BRDA:1562,274,0,0
BRDA:1562,274,1,0
BRDA:1573,275,0,0
BRDA:1573,275,1,0
BRDA:1579,276,0,0
BRDA:1579,276,1,0
BRDA:1580,277,0,0
BRDA:1580,277,1,0
BRDA:1580,277,2,0
BRDA:1580,277,3,0
BRDA:1580,277,4,0
BRDA:1580,277,5,0
BRDA:1586,278,0,0
BRDA:1586,278,1,0
BRDA:1587,279,0,0
BRDA:1587,279,1,0
BRDA:1590,280,0,0
BRDA:1590,280,1,0
BRDA:1591,281,0,0
BRDA:1591,281,1,0
BRDA:1594,282,0,0
BRDA:1594,282,1,0
BRDA:1595,283,0,0
BRDA:1595,283,1,0
BRDA:1598,284,0,0
BRDA:1598,284,1,0
BRDA:1599,285,0,0
BRDA:1599,285,1,0
BRDA:1602,286,0,0
BRDA:1602,286,1,0
BRDA:1603,287,0,0
BRDA:1603,287,1,0
BRDA:1606,288,0,0
BRDA:1606,288,1,0
BRDA:1607,289,0,0
BRDA:1607,289,1,0
BRDA:1611,290,0,0
BRDA:1611,290,1,0
BRDA:1614,291,0,0
BRDA:1614,291,1,0
BRDA:1640,292,0,0
BRDA:1640,292,1,0
BRDA:1646,293,0,0
BRDA:1646,293,1,0
BRDA:1648,294,0,0
BRDA:1648,294,1,0
BRDA:1649,295,0,0
BRDA:1649,295,1,0
BRDA:1653,296,0,0
BRDA:1653,296,1,0
BRDA:1655,297,0,0
BRDA:1655,297,1,0
BRDA:1656,298,0,0
BRDA:1656,298,1,0
BRDA:1660,299,0,0
BRDA:1660,299,1,0
BRDA:1662,300,0,0
BRDA:1662,300,1,0
BRDA:1663,301,0,0
BRDA:1663,301,1,0
BRDA:1669,302,0,0
BRDA:1669,302,1,0
BRDA:1669,303,0,0
BRDA:1669,303,1,0
BRDA:1669,303,2,0
BRDA:1671,304,0,0
BRDA:1671,304,1,0
BRDA:1674,305,0,0
BRDA:1674,305,1,0
BRDA:1678,306,0,0
BRDA:1678,306,1,0
BRDA:1681,307,0,0
BRDA:1681,307,1,0
BRDA:1685,308,0,0
BRDA:1685,308,1,0
BRDA:1688,309,0,0
BRDA:1688,309,1,0
BRDA:1728,310,0,0
BRDA:1728,310,1,0
BRDA:1728,311,0,0
BRDA:1728,311,1,0
BRDA:1728,312,0,0
BRDA:1728,312,1,0
BRDA:1753,313,0,0
BRDA:1753,313,1,0
BRDA:1754,314,0,0
BRDA:1754,314,1,0
BRDA:1755,315,0,0
BRDA:1755,315,1,0
BRDA:1755,315,2,0
BRDA:1756,316,0,0
BRDA:1756,316,1,0
BRDA:1756,316,2,0
BRDA:1757,317,0,0
BRDA:1757,317,1,0
BRDA:1772,318,0,0
BRDA:1772,318,1,0
BRDA:1773,319,0,0
BRDA:1773,319,1,0
BRDA:1776,320,0,0
BRDA:1776,320,1,0
BRDA:1777,321,0,0
BRDA:1777,321,1,0
BRDA:1780,322,0,0
BRDA:1780,322,1,0
BRDA:1783,323,0,0
BRDA:1783,323,1,0
BRDA:1783,324,0,0
BRDA:1783,324,1,0
BRDA:1784,325,0,0
BRDA:1784,325,1,0
BRDA:1784,326,0,0
BRDA:1784,326,1,0
BRDA:1785,327,0,0
BRDA:1785,327,1,0
BRDA:1785,328,0,0
BRDA:1785,328,1,0
BRDA:1788,329,0,0
BRDA:1788,329,1,0
BRDA:1788,330,0,0
BRDA:1788,330,1,0
BRDA:1789,331,0,0
BRDA:1789,331,1,0
BRDA:1789,332,0,0
BRDA:1789,332,1,0
BRDA:1792,333,0,0
BRDA:1792,333,1,0
BRDA:1793,334,0,0
BRDA:1793,334,1,0
BRDA:1794,335,0,0
BRDA:1794,335,1,0
BRDA:1794,336,0,0
BRDA:1794,336,1,0
BRDA:1797,337,0,0
BRDA:1797,337,1,0
BRDA:1798,338,0,0
BRDA:1798,338,1,0
BRDA:1807,339,0,0
BRDA:1807,339,1,0
BRDA:1808,340,0,0
BRDA:1808,340,1,0
BRDA:1809,341,0,0
BRDA:1809,341,1,0
BRDA:1810,342,0,0
BRDA:1810,342,1,0
BRDA:1810,342,2,0
BRDA:1811,343,0,0
BRDA:1811,343,1,0
BRDA:1811,343,2,0
BRDA:1812,344,0,0
BRDA:1812,344,1,0
BRDA:1812,344,2,0
BRDA:1814,345,0,0
BRDA:1814,345,1,0
BRDA:1827,346,0,0
BRDA:1827,346,1,0
BRDA:1828,347,0,0
BRDA:1828,347,1,0
BRDA:1831,348,0,0
BRDA:1831,348,1,0
BRDA:1831,348,2,0
BRDA:1832,349,0,0
BRDA:1832,349,1,0
BRDA:1832,350,0,0
BRDA:1832,350,1,0
BRDA:1832,351,0,0
BRDA:1832,351,1,0
BRDA:1832,352,0,0
BRDA:1832,352,1,0
BRDA:1832,353,0,0
BRDA:1832,353,1,0
BRDA:1832,354,0,0
BRDA:1832,354,1,0
BRDA:1832,355,0,0
BRDA:1832,355,1,0
BRDA:1832,356,0,0
BRDA:1832,356,1,0
BRDA:1842,357,0,0
BRDA:1842,357,1,0
BRDA:1843,358,0,0
BRDA:1843,358,1,0
BRDA:1846,359,0,0
BRDA:1846,359,1,0
BRDA:1846,359,2,0
BRDA:1847,360,0,0
BRDA:1847,360,1,0
BRDA:1847,361,0,0
BRDA:1847,361,1,0
BRDA:1847,362,0,0
BRDA:1847,362,1,0
BRDA:1847,363,0,0
BRDA:1847,363,1,0
BRDA:1847,364,0,0
BRDA:1847,364,1,0
BRDA:1857,365,0,0
BRDA:1857,365,1,0
BRDA:1858,366,0,0
BRDA:1858,366,1,0
BRDA:1861,367,0,0
BRDA:1861,367,1,0
BRDA:1861,367,2,0
BRDA:1862,368,0,0
BRDA:1862,368,1,0
BRDA:1862,369,0,0
BRDA:1862,369,1,0
BRDA:1862,370,0,0
BRDA:1862,370,1,0
BRDA:1862,371,0,0
BRDA:1862,371,1,0
BRDA:1862,372,0,0
BRDA:1862,372,1,0
BRDA:1862,373,0,0
BRDA:1862,373,1,0
BRDA:1862,374,0,0
BRDA:1862,374,1,0
BRDA:1872,375,0,0
BRDA:1872,375,1,0
BRDA:1873,376,0,0
BRDA:1873,376,1,0
BRDA:1876,377,0,0
BRDA:1876,377,1,0
BRDA:1876,377,2,0
BRDA:1877,378,0,0
BRDA:1877,378,1,0
BRDA:1877,379,0,0
BRDA:1877,379,1,0
BRDA:1877,380,0,0
BRDA:1877,380,1,0
BRDA:1877,381,0,0
BRDA:1877,381,1,0
BRDA:1877,382,0,0
BRDA:1877,382,1,0
BRDA:1884,383,0,0
BRDA:1884,383,1,0
BRDA:1888,384,0,0
BRDA:1888,384,1,0
BRDA:1889,385,0,0
BRDA:1889,385,1,0
BRDA:1889,385,2,0
BRDA:1889,385,3,0
BRDA:1889,385,4,0
BRDA:1889,385,5,0
BRDA:1893,386,0,0
BRDA:1893,386,1,0
BRDA:1893,387,0,0
BRDA:1893,387,1,0
BRDA:1894,388,0,0
BRDA:1894,388,1,0
BRDA:1894,389,0,0
BRDA:1894,389,1,0
BRDA:1895,390,0,0
BRDA:1895,390,1,0
BRDA:1895,391,0,0
BRDA:1895,391,1,0
BRDA:1896,392,0,0
BRDA:1896,392,1,0
BRDA:1896,393,0,0
BRDA:1896,393,1,0
BRDA:1897,394,0,0
BRDA:1897,394,1,0
BRDA:1897,395,0,0
BRDA:1897,395,1,0
BRDA:1898,396,0,0
BRDA:1898,396,1,0
BRDA:1898,397,0,0
BRDA:1898,397,1,0
BRDA:1900,398,0,0
BRDA:1900,398,1,0
BRDA:1903,399,0,0
BRDA:1903,399,1,0
BRDA:1921,400,0,0
BRDA:1921,400,1,0
BRDA:1925,401,0,0
BRDA:1925,401,1,0
BRDA:1925,402,0,0
BRDA:1925,402,1,0
BRDA:1930,403,0,0
BRDA:1930,403,1,0
BRDA:1935,404,0,0
BRDA:1935,404,1,0
BRDA:1935,405,0,0
BRDA:1935,405,1,0
BRDA:1940,406,0,0
BRDA:1940,406,1,0
BRDA:1945,407,0,0
BRDA:1945,407,1,0
BRDA:1945,408,0,0
BRDA:1945,408,1,0
BRDA:1950,409,0,0
BRDA:1950,409,1,0
BRDA:1958,410,0,0
BRDA:1958,410,1,0
BRDA:1960,411,0,0
BRDA:1960,411,1,0
BRDA:1963,412,0,0
BRDA:1963,412,1,0
BRDA:1964,413,0,0
BRDA:1964,413,1,0
BRDA:2051,414,0,0
BRDA:2051,414,1,0
BRDA:2065,415,0,0
BRDA:2065,415,1,0
BRDA:2068,416,0,0
BRDA:2068,416,1,0
BRDA:2074,417,0,0
BRDA:2074,417,1,0
BRDA:2075,418,0,0
BRDA:2075,418,1,0
BRDA:2089,419,0,0
BRDA:2093,420,0,0
BRDA:2093,420,1,0
BRDA:2147,421,0,0
BRDA:2147,421,1,0
BRDA:2149,422,0,0
BRDA:2149,422,1,0
BRDA:2152,423,0,0
BRDA:2152,423,1,0
BRDA:2193,424,0,0
BRDA:2193,424,1,0
BRDA:2196,425,0,0
BRDA:2196,425,1,0
BRF:878
BRH:0
end_of_record
