TN:
SF:index.js
FN:82,analyzeNetworkRequests
FN:92,(anonymous_1)
FN:96,(anonymous_2)
FN:130,(anonymous_3)
FN:144,checkSecurityHeaders
FN:156,(anonymous_5)
FN:179,checkCanonicalUrl
FN:211,(anonymous_7)
FN:212,(anonymous_8)
FN:241,checkHttp3Support
FN:272,detectGoogleServices
FN:282,(anonymous_11)
FN:283,(anonymous_12)
FN:288,(anonymous_13)
FN:311,(anonymous_14)
FN:312,(anonymous_15)
FN:324,(anonymous_16)
FN:326,(anonymous_17)
FN:328,(anonymous_18)
FN:350,detectWordPress
FN:370,(anonymous_20)
FN:377,(anonymous_21)
FN:377,(anonymous_22)
FN:483,checkBrokenLinks
FN:531,runPageAudit
FN:541,(anonymous_25)
FN:548,(anonymous_26)
FN:553,(anonymous_27)
FN:589,(anonymous_28)
FN:590,(anonymous_29)
FN:607,runLighthouseAudits
FN:695,crawlAndAuditSite
FN:783,(anonymous_32)
FN:784,(anonymous_33)
FN:809,(anonymous_34)
FN:858,generateHtmlReport
FN:860,(anonymous_36)
FN:861,(anonymous_37)
FN:862,(anonymous_38)
FN:926,(anonymous_39)
FN:932,(anonymous_40)
FN:933,(anonymous_41)
FN:934,(anonymous_42)
FN:1068,(anonymous_43)
FN:1117,generateMarkdownReport
FN:1119,(anonymous_45)
FN:1120,(anonymous_46)
FN:1121,(anonymous_47)
FN:1146,(anonymous_48)
FN:1147,(anonymous_49)
FN:1148,(anonymous_50)
FN:1149,(anonymous_51)
FN:1150,(anonymous_52)
FN:1158,(anonymous_53)
FN:1188,(anonymous_54)
FN:1196,(anonymous_55)
FN:1213,(anonymous_56)
FN:1218,(anonymous_57)
FN:1222,(anonymous_58)
FN:1230,(anonymous_59)
FN:1235,(anonymous_60)
FN:1239,(anonymous_61)
FN:1278,saveToHistory
FN:1291,getHistoricalTrend
FN:1296,(anonymous_64)
FN:1301,(anonymous_65)
FN:1303,(anonymous_66)
FN:1317,runConcurrentAudits
FN:1347,(anonymous_68)
FN:1370,runAudit
FN:1429,(anonymous_70)
FNF:71
FNH:0
FNDA:0,analyzeNetworkRequests
FNDA:0,(anonymous_1)
FNDA:0,(anonymous_2)
FNDA:0,(anonymous_3)
FNDA:0,checkSecurityHeaders
FNDA:0,(anonymous_5)
FNDA:0,checkCanonicalUrl
FNDA:0,(anonymous_7)
FNDA:0,(anonymous_8)
FNDA:0,checkHttp3Support
FNDA:0,detectGoogleServices
FNDA:0,(anonymous_11)
FNDA:0,(anonymous_12)
FNDA:0,(anonymous_13)
FNDA:0,(anonymous_14)
FNDA:0,(anonymous_15)
FNDA:0,(anonymous_16)
FNDA:0,(anonymous_17)
FNDA:0,(anonymous_18)
FNDA:0,detectWordPress
FNDA:0,(anonymous_20)
FNDA:0,(anonymous_21)
FNDA:0,(anonymous_22)
FNDA:0,checkBrokenLinks
FNDA:0,runPageAudit
FNDA:0,(anonymous_25)
FNDA:0,(anonymous_26)
FNDA:0,(anonymous_27)
FNDA:0,(anonymous_28)
FNDA:0,(anonymous_29)
FNDA:0,runLighthouseAudits
FNDA:0,crawlAndAuditSite
FNDA:0,(anonymous_32)
FNDA:0,(anonymous_33)
FNDA:0,(anonymous_34)
FNDA:0,generateHtmlReport
FNDA:0,(anonymous_36)
FNDA:0,(anonymous_37)
FNDA:0,(anonymous_38)
FNDA:0,(anonymous_39)
FNDA:0,(anonymous_40)
FNDA:0,(anonymous_41)
FNDA:0,(anonymous_42)
FNDA:0,(anonymous_43)
FNDA:0,generateMarkdownReport
FNDA:0,(anonymous_45)
FNDA:0,(anonymous_46)
FNDA:0,(anonymous_47)
FNDA:0,(anonymous_48)
FNDA:0,(anonymous_49)
FNDA:0,(anonymous_50)
FNDA:0,(anonymous_51)
FNDA:0,(anonymous_52)
FNDA:0,(anonymous_53)
FNDA:0,(anonymous_54)
FNDA:0,(anonymous_55)
FNDA:0,(anonymous_56)
FNDA:0,(anonymous_57)
FNDA:0,(anonymous_58)
FNDA:0,(anonymous_59)
FNDA:0,(anonymous_60)
FNDA:0,(anonymous_61)
FNDA:0,saveToHistory
FNDA:0,getHistoricalTrend
FNDA:0,(anonymous_64)
FNDA:0,(anonymous_65)
FNDA:0,(anonymous_66)
FNDA:0,runConcurrentAudits
FNDA:0,(anonymous_68)
FNDA:0,runAudit
FNDA:0,(anonymous_70)
DA:1,0
DA:2,0
DA:3,0
DA:4,0
DA:5,0
DA:6,0
DA:7,0
DA:8,0
DA:9,0
DA:10,0
DA:15,0
DA:26,0
DA:39,0
DA:83,0
DA:90,0
DA:92,0
DA:93,0
DA:96,0
DA:97,0
DA:98,0
DA:99,0
DA:100,0
DA:101,0
DA:103,0
DA:104,0
DA:105,0
DA:106,0
DA:112,0
DA:113,0
DA:121,0
DA:122,0
DA:130,0
DA:131,0
DA:138,0
DA:145,0
DA:152,0
DA:153,0
DA:154,0
DA:156,0
DA:157,0
DA:158,0
DA:159,0
DA:161,0
DA:166,0
DA:170,0
DA:173,0
DA:180,0
DA:187,0
DA:188,0
DA:189,0
DA:192,0
DA:193,0
DA:194,0
DA:195,0
DA:196,0
DA:197,0
DA:198,0
DA:206,0
DA:207,0
DA:209,0
DA:210,0
DA:211,0
DA:212,0
DA:215,0
DA:216,0
DA:217,0
DA:218,0
DA:219,0
DA:222,0
DA:225,0
DA:226,0
DA:228,0
DA:229,0
DA:232,0
DA:235,0
DA:242,0
DA:248,0
DA:249,0
DA:250,0
DA:252,0
DA:253,0
DA:255,0
DA:256,0
DA:263,0
DA:266,0
DA:273,0
DA:279,0
DA:281,0
DA:282,0
DA:283,0
DA:287,0
DA:288,0
DA:289,0
DA:290,0
DA:291,0
DA:292,0
DA:296,0
DA:297,0
DA:298,0
DA:299,0
DA:301,0
DA:302,0
DA:303,0
DA:304,0
DA:305,0
DA:306,0
DA:307,0
DA:311,0
DA:312,0
DA:314,0
DA:315,0
DA:316,0
DA:317,0
DA:318,0
DA:319,0
DA:323,0
DA:324,0
DA:325,0
DA:326,0
DA:327,0
DA:328,0
DA:330,0
DA:331,0
DA:332,0
DA:333,0
DA:334,0
DA:335,0
DA:336,0
DA:337,0
DA:338,0
DA:341,0
DA:344,0
DA:351,0
DA:352,0
DA:360,0
DA:361,0
DA:362,0
DA:363,0
DA:364,0
DA:367,0
DA:368,0
DA:370,0
DA:371,0
DA:372,0
DA:373,0
DA:374,0
DA:377,0
DA:378,0
DA:379,0
DA:382,0
DA:388,0
DA:389,0
DA:390,0
DA:391,0
DA:393,0
DA:397,0
DA:398,0
DA:399,0
DA:400,0
DA:401,0
DA:403,0
DA:404,0
DA:406,0
DA:410,0
DA:411,0
DA:412,0
DA:413,0
DA:415,0
DA:419,0
DA:420,0
DA:421,0
DA:422,0
DA:423,0
DA:424,0
DA:426,0
DA:427,0
DA:432,0
DA:433,0
DA:434,0
DA:435,0
DA:436,0
DA:437,0
DA:439,0
DA:443,0
DA:444,0
DA:445,0
DA:446,0
DA:447,0
DA:450,0
DA:451,0
DA:452,0
DA:453,0
DA:455,0
DA:456,0
DA:457,0
DA:460,0
DA:461,0
DA:462,0
DA:464,0
DA:465,0
DA:468,0
DA:474,0
DA:477,0
DA:484,0
DA:491,0
DA:493,0
DA:494,0
DA:495,0
DA:498,0
DA:500,0
DA:502,0
DA:508,0
DA:509,0
DA:514,0
DA:517,0
DA:525,0
DA:532,0
DA:533,0
DA:534,0
DA:539,0
DA:541,0
DA:542,0
DA:543,0
DA:548,0
DA:549,0
DA:550,0
DA:553,0
DA:554,0
DA:555,0
DA:556,0
DA:557,0
DA:559,0
DA:560,0
DA:566,0
DA:567,0
DA:574,0
DA:575,0
DA:577,0
DA:579,0
DA:581,0
DA:582,0
DA:587,0
DA:588,0
DA:589,0
DA:590,0
DA:593,0
DA:596,0
DA:597,0
DA:600,0
DA:601,0
DA:608,0
DA:614,0
DA:615,0
DA:635,0
DA:648,0
DA:652,0
DA:653,0
DA:673,0
DA:686,0
DA:689,0
DA:696,0
DA:697,0
DA:698,0
DA:699,0
DA:700,0
DA:716,0
DA:721,0
DA:722,0
DA:723,0
DA:725,0
DA:728,0
DA:729,0
DA:731,0
DA:732,0
DA:734,0
DA:735,0
DA:738,0
DA:739,0
DA:740,0
DA:741,0
DA:743,0
DA:744,0
DA:746,0
DA:748,0
DA:751,0
DA:758,0
DA:761,0
DA:762,0
DA:763,0
DA:764,0
DA:766,0
DA:768,0
DA:772,0
DA:773,0
DA:774,0
DA:776,0
DA:779,0
DA:780,0
DA:782,0
DA:783,0
DA:784,0
DA:786,0
DA:788,0
DA:791,0
DA:794,0
DA:809,0
DA:810,0
DA:811,0
DA:812,0
DA:813,0
DA:814,0
DA:815,0
DA:816,0
DA:823,0
DA:824,0
DA:838,0
DA:839,0
DA:842,0
DA:843,0
DA:844,0
DA:845,0
DA:846,0
DA:848,0
DA:851,0
DA:852,0
DA:859,0
DA:860,0
DA:861,0
DA:862,0
DA:863,0
DA:865,0
DA:925,0
DA:926,0
DA:927,0
DA:929,0
DA:932,0
DA:933,0
DA:934,0
DA:936,0
DA:939,0
DA:942,0
DA:955,0
DA:956,0
DA:969,0
DA:970,0
DA:983,0
DA:984,0
DA:994,0
DA:995,0
DA:1012,0
DA:1013,0
DA:1035,0
DA:1036,0
DA:1048,0
DA:1051,0
DA:1068,0
DA:1069,0
DA:1070,0
DA:1071,0
DA:1072,0
DA:1073,0
DA:1074,0
DA:1075,0
DA:1077,0
DA:1092,0
DA:1093,0
DA:1096,0
DA:1111,0
DA:1118,0
DA:1119,0
DA:1120,0
DA:1121,0
DA:1122,0
DA:1124,0
DA:1146,0
DA:1147,0
DA:1148,0
DA:1149,0
DA:1150,0
DA:1151,0
DA:1153,0
DA:1156,0
DA:1158,0
DA:1159,0
DA:1188,0
DA:1196,0
DA:1197,0
DA:1198,0
DA:1199,0
DA:1200,0
DA:1201,0
DA:1202,0
DA:1203,0
DA:1205,0
DA:1206,0
DA:1208,0
DA:1213,0
DA:1214,0
DA:1216,0
DA:1217,0
DA:1218,0
DA:1219,0
DA:1220,0
DA:1221,0
DA:1222,0
DA:1223,0
DA:1230,0
DA:1231,0
DA:1233,0
DA:1234,0
DA:1235,0
DA:1236,0
DA:1237,0
DA:1238,0
DA:1239,0
DA:1240,0
DA:1247,0
DA:1272,0
DA:1279,0
DA:1281,0
DA:1282,0
DA:1284,0
DA:1285,0
DA:1287,0
DA:1288,0
DA:1292,0
DA:1293,0
DA:1295,0
DA:1296,0
DA:1298,0
DA:1299,0
DA:1300,0
DA:1301,0
DA:1302,0
DA:1303,0
DA:1304,0
DA:1311,0
DA:1318,0
DA:1321,0
DA:1322,0
DA:1323,0
DA:1324,0
DA:1325,0
DA:1327,0
DA:1328,0
DA:1336,0
DA:1340,0
DA:1341,0
DA:1342,0
DA:1345,0
DA:1346,0
DA:1348,0
DA:1349,0
DA:1351,0
DA:1352,0
DA:1361,0
DA:1364,0
DA:1371,0
DA:1375,0
DA:1376,0
DA:1380,0
DA:1381,0
DA:1383,0
DA:1386,0
DA:1387,0
DA:1390,0
DA:1393,0
DA:1394,0
DA:1395,0
DA:1398,0
DA:1399,0
DA:1400,0
DA:1403,0
DA:1404,0
DA:1405,0
DA:1408,0
DA:1410,0
DA:1413,0
DA:1414,0
DA:1421,0
DA:1422,0
DA:1424,0
DA:1425,0
DA:1426,0
DA:1429,0
DA:1430,0
DA:1431,0
DA:1434,0
DA:1437,0
LF:489
LH:0
BRDA:101,0,0,0
BRDA:101,0,1,0
BRDA:105,1,0,0
BRDA:105,1,1,0
BRDA:112,2,0,0
BRDA:112,2,1,0
BRDA:121,3,0,0
BRDA:121,3,1,0
BRDA:125,4,0,0
BRDA:125,4,1,0
BRDA:134,5,0,0
BRDA:134,5,1,0
BRDA:158,6,0,0
BRDA:158,6,1,0
BRDA:195,7,0,0
BRDA:195,7,1,0
BRDA:195,8,0,0
BRDA:195,8,1,0
BRDA:197,9,0,0
BRDA:197,9,1,0
BRDA:197,10,0,0
BRDA:197,10,1,0
BRDA:215,11,0,0
BRDA:215,11,1,0
BRDA:215,12,0,0
BRDA:215,12,1,0
BRDA:225,13,0,0
BRDA:225,13,1,0
BRDA:228,14,0,0
BRDA:228,14,1,0
BRDA:252,15,0,0
BRDA:252,15,1,0
BRDA:255,16,0,0
BRDA:255,16,1,0
BRDA:255,17,0,0
BRDA:255,17,1,0
BRDA:288,18,0,0
BRDA:288,18,1,0
BRDA:289,19,0,0
BRDA:289,19,1,0
BRDA:292,20,0,0
BRDA:292,20,1,0
BRDA:301,21,0,0
BRDA:301,21,1,0
BRDA:305,22,0,0
BRDA:305,22,1,0
BRDA:314,23,0,0
BRDA:314,23,1,0
BRDA:314,24,0,0
BRDA:314,24,1,0
BRDA:317,25,0,0
BRDA:317,25,1,0
BRDA:317,26,0,0
BRDA:317,26,1,0
BRDA:323,27,0,0
BRDA:323,27,1,0
BRDA:325,28,0,0
BRDA:325,28,1,0
BRDA:327,29,0,0
BRDA:327,29,1,0
BRDA:330,30,0,0
BRDA:330,30,1,0
BRDA:333,31,0,0
BRDA:333,31,1,0
BRDA:336,32,0,0
BRDA:336,32,1,0
BRDA:371,33,0,0
BRDA:371,33,1,0
BRDA:378,34,0,0
BRDA:378,34,1,0
BRDA:388,35,0,0
BRDA:388,35,1,0
BRDA:388,36,0,0
BRDA:388,36,1,0
BRDA:389,37,0,0
BRDA:389,37,1,0
BRDA:393,38,0,0
BRDA:393,38,1,0
BRDA:398,39,0,0
BRDA:398,39,1,0
BRDA:399,40,0,0
BRDA:399,40,1,0
BRDA:403,41,0,0
BRDA:403,41,1,0
BRDA:403,42,0,0
BRDA:403,42,1,0
BRDA:406,43,0,0
BRDA:406,43,1,0
BRDA:410,44,0,0
BRDA:410,44,1,0
BRDA:410,45,0,0
BRDA:410,45,1,0
BRDA:411,46,0,0
BRDA:411,46,1,0
BRDA:415,47,0,0
BRDA:415,47,1,0
BRDA:421,48,0,0
BRDA:421,48,1,0
BRDA:422,49,0,0
BRDA:422,49,1,0
BRDA:426,50,0,0
BRDA:426,50,1,0
BRDA:432,51,0,0
BRDA:432,51,1,0
BRDA:433,52,0,0
BRDA:433,52,1,0
BRDA:434,53,0,0
BRDA:434,53,1,0
BRDA:434,54,0,0
BRDA:434,54,1,0
BRDA:435,55,0,0
BRDA:435,55,1,0
BRDA:439,56,0,0
BRDA:439,56,1,0
BRDA:450,57,0,0
BRDA:450,57,1,0
BRDA:451,58,0,0
BRDA:451,58,1,0
BRDA:456,59,0,0
BRDA:456,59,1,0
BRDA:457,60,0,0
BRDA:457,60,1,0
BRDA:457,61,0,0
BRDA:457,61,1,0
BRDA:457,61,2,0
BRDA:460,62,0,0
BRDA:460,62,1,0
BRDA:465,63,0,0
BRDA:465,63,1,0
BRDA:468,64,0,0
BRDA:468,64,1,0
BRDA:498,65,0,0
BRDA:498,65,1,0
BRDA:508,66,0,0
BRDA:508,66,1,0
BRDA:542,67,0,0
BRDA:542,67,1,0
BRDA:557,68,0,0
BRDA:557,68,1,0
BRDA:559,69,0,0
BRDA:559,69,1,0
BRDA:566,70,0,0
BRDA:566,70,1,0
BRDA:596,71,0,0
BRDA:596,71,1,0
BRDA:636,72,0,0
BRDA:636,72,1,0
BRDA:637,73,0,0
BRDA:637,73,1,0
BRDA:638,74,0,0
BRDA:638,74,1,0
BRDA:639,75,0,0
BRDA:639,75,1,0
BRDA:640,76,0,0
BRDA:640,76,1,0
BRDA:641,77,0,0
BRDA:641,77,1,0
BRDA:642,78,0,0
BRDA:642,78,1,0
BRDA:643,79,0,0
BRDA:643,79,1,0
BRDA:644,80,0,0
BRDA:644,80,1,0
BRDA:645,81,0,0
BRDA:645,81,1,0
BRDA:674,82,0,0
BRDA:674,82,1,0
BRDA:675,83,0,0
BRDA:675,83,1,0
BRDA:676,84,0,0
BRDA:676,84,1,0
BRDA:677,85,0,0
BRDA:677,85,1,0
BRDA:678,86,0,0
BRDA:678,86,1,0
BRDA:679,87,0,0
BRDA:679,87,1,0
BRDA:680,88,0,0
BRDA:680,88,1,0
BRDA:681,89,0,0
BRDA:681,89,1,0
BRDA:682,90,0,0
BRDA:682,90,1,0
BRDA:683,91,0,0
BRDA:683,91,1,0
BRDA:695,92,0,0
BRDA:738,93,0,0
BRDA:738,93,1,0
BRDA:740,94,0,0
BRDA:740,94,1,0
BRDA:740,95,0,0
BRDA:740,95,1,0
BRDA:761,96,0,0
BRDA:761,96,1,0
BRDA:782,97,0,0
BRDA:782,97,1,0
BRDA:812,98,0,0
BRDA:812,98,1,0
BRDA:812,99,0,0
BRDA:812,99,1,0
BRDA:813,100,0,0
BRDA:813,100,1,0
BRDA:815,101,0,0
BRDA:815,101,1,0
BRDA:863,102,0,0
BRDA:863,102,1,0
BRDA:863,103,0,0
BRDA:863,103,1,0
BRDA:863,104,0,0
BRDA:863,104,1,0
BRDA:921,105,0,0
BRDA:921,105,1,0
BRDA:927,106,0,0
BRDA:927,106,1,0
BRDA:933,107,0,0
BRDA:933,107,1,0
BRDA:934,108,0,0
BRDA:934,108,1,0
BRDA:936,109,0,0
BRDA:936,109,1,0
BRDA:946,110,0,0
BRDA:946,110,1,0
BRDA:946,111,0,0
BRDA:946,111,1,0
BRDA:950,112,0,0
BRDA:950,112,1,0
BRDA:950,113,0,0
BRDA:950,113,1,0
BRDA:960,114,0,0
BRDA:960,114,1,0
BRDA:960,115,0,0
BRDA:960,115,1,0
BRDA:960,116,0,0
BRDA:960,116,1,0
BRDA:960,117,0,0
BRDA:960,117,1,0
BRDA:960,118,0,0
BRDA:960,118,1,0
BRDA:964,119,0,0
BRDA:964,119,1,0
BRDA:973,120,0,0
BRDA:973,120,1,0
BRDA:977,121,0,0
BRDA:977,121,1,0
BRDA:987,122,0,0
BRDA:987,122,1,0
BRDA:988,123,0,0
BRDA:988,123,1,0
BRDA:990,124,0,0
BRDA:990,124,1,0
BRDA:998,125,0,0
BRDA:998,125,1,0
BRDA:999,126,0,0
BRDA:999,126,1,0
BRDA:1002,127,0,0
BRDA:1002,127,1,0
BRDA:1003,128,0,0
BRDA:1003,128,1,0
BRDA:1006,129,0,0
BRDA:1006,129,1,0
BRDA:1007,130,0,0
BRDA:1007,130,1,0
BRDA:1015,131,0,0
BRDA:1015,131,1,0
BRDA:1017,132,0,0
BRDA:1017,132,1,0
BRDA:1020,133,0,0
BRDA:1020,133,1,0
BRDA:1021,134,0,0
BRDA:1021,134,1,0
BRDA:1023,135,0,0
BRDA:1023,135,1,0
BRDA:1040,136,0,0
BRDA:1040,136,1,0
BRDA:1044,137,0,0
BRDA:1044,137,1,0
BRDA:1044,138,0,0
BRDA:1044,138,1,0
BRDA:1044,139,0,0
BRDA:1044,139,1,0
BRDA:1069,140,0,0
BRDA:1069,140,1,0
BRDA:1070,141,0,0
BRDA:1070,141,1,0
BRDA:1071,142,0,0
BRDA:1071,142,1,0
BRDA:1071,142,2,0
BRDA:1072,143,0,0
BRDA:1072,143,1,0
BRDA:1072,143,2,0
BRDA:1073,144,0,0
BRDA:1073,144,1,0
BRDA:1073,144,2,0
BRDA:1074,145,0,0
BRDA:1074,145,1,0
BRDA:1074,146,0,0
BRDA:1074,146,1,0
BRDA:1074,147,0,0
BRDA:1074,147,1,0
BRDA:1075,148,0,0
BRDA:1075,148,1,0
BRDA:1079,149,0,0
BRDA:1079,149,1,0
BRDA:1080,150,0,0
BRDA:1080,150,1,0
BRDA:1080,151,0,0
BRDA:1080,151,1,0
BRDA:1080,152,0,0
BRDA:1080,152,1,0
BRDA:1081,153,0,0
BRDA:1081,153,1,0
BRDA:1081,154,0,0
BRDA:1081,154,1,0
BRDA:1081,155,0,0
BRDA:1081,155,1,0
BRDA:1082,156,0,0
BRDA:1082,156,1,0
BRDA:1082,157,0,0
BRDA:1082,157,1,0
BRDA:1083,158,0,0
BRDA:1083,158,1,0
BRDA:1083,159,0,0
BRDA:1083,159,1,0
BRDA:1084,160,0,0
BRDA:1084,160,1,0
BRDA:1084,161,0,0
BRDA:1084,161,1,0
BRDA:1085,162,0,0
BRDA:1085,162,1,0
BRDA:1085,162,2,0
BRDA:1086,163,0,0
BRDA:1086,163,1,0
BRDA:1086,163,2,0
BRDA:1087,164,0,0
BRDA:1087,164,1,0
BRDA:1088,165,0,0
BRDA:1088,165,1,0
BRDA:1122,166,0,0
BRDA:1122,166,1,0
BRDA:1122,167,0,0
BRDA:1122,167,1,0
BRDA:1122,168,0,0
BRDA:1122,168,1,0
BRDA:1147,169,0,0
BRDA:1147,169,1,0
BRDA:1148,170,0,0
BRDA:1148,170,1,0
BRDA:1149,171,0,0
BRDA:1149,171,1,0
BRDA:1149,171,2,0
BRDA:1150,172,0,0
BRDA:1150,172,1,0
BRDA:1150,172,2,0
BRDA:1151,173,0,0
BRDA:1151,173,1,0
BRDA:1166,174,0,0
BRDA:1166,174,1,0
BRDA:1167,175,0,0
BRDA:1167,175,1,0
BRDA:1170,176,0,0
BRDA:1170,176,1,0
BRDA:1171,177,0,0
BRDA:1171,177,1,0
BRDA:1174,178,0,0
BRDA:1174,178,1,0
BRDA:1177,179,0,0
BRDA:1177,179,1,0
BRDA:1177,180,0,0
BRDA:1177,180,1,0
BRDA:1178,181,0,0
BRDA:1178,181,1,0
BRDA:1178,182,0,0
BRDA:1178,182,1,0
BRDA:1179,183,0,0
BRDA:1179,183,1,0
BRDA:1179,184,0,0
BRDA:1179,184,1,0
BRDA:1182,185,0,0
BRDA:1182,185,1,0
BRDA:1182,186,0,0
BRDA:1182,186,1,0
BRDA:1183,187,0,0
BRDA:1183,187,1,0
BRDA:1183,188,0,0
BRDA:1183,188,1,0
BRDA:1186,189,0,0
BRDA:1186,189,1,0
BRDA:1187,190,0,0
BRDA:1187,190,1,0
BRDA:1188,191,0,0
BRDA:1188,191,1,0
BRDA:1188,192,0,0
BRDA:1188,192,1,0
BRDA:1197,193,0,0
BRDA:1197,193,1,0
BRDA:1198,194,0,0
BRDA:1198,194,1,0
BRDA:1199,195,0,0
BRDA:1199,195,1,0
BRDA:1200,196,0,0
BRDA:1200,196,1,0
BRDA:1200,196,2,0
BRDA:1201,197,0,0
BRDA:1201,197,1,0
BRDA:1201,197,2,0
BRDA:1202,198,0,0
BRDA:1202,198,1,0
BRDA:1202,198,2,0
BRDA:1203,199,0,0
BRDA:1203,199,1,0
BRDA:1203,200,0,0
BRDA:1203,200,1,0
BRDA:1203,201,0,0
BRDA:1203,201,1,0
BRDA:1205,202,0,0
BRDA:1205,202,1,0
BRDA:1208,203,0,0
BRDA:1208,203,1,0
BRDA:1208,204,0,0
BRDA:1208,204,1,0
BRDA:1214,205,0,0
BRDA:1214,205,1,0
BRDA:1216,206,0,0
BRDA:1216,206,1,0
BRDA:1219,207,0,0
BRDA:1219,207,1,0
BRDA:1220,208,0,0
BRDA:1220,208,1,0
BRDA:1231,209,0,0
BRDA:1231,209,1,0
BRDA:1231,209,2,0
BRDA:1233,210,0,0
BRDA:1233,210,1,0
BRDA:1236,211,0,0
BRDA:1236,211,1,0
BRDA:1237,212,0,0
BRDA:1237,212,1,0
BRDA:1240,213,0,0
BRDA:1240,213,1,0
BRDA:1279,214,0,0
BRDA:1279,214,1,0
BRDA:1293,215,0,0
BRDA:1293,215,1,0
BRDA:1296,216,0,0
BRDA:1296,216,1,0
BRDA:1302,217,0,0
BRDA:1302,217,1,0
BRDA:1303,218,0,0
BRDA:1303,218,1,0
BRDA:1317,219,0,0
BRDA:1321,220,0,0
BRDA:1321,220,1,0
BRDA:1375,221,0,0
BRDA:1375,221,1,0
BRDA:1377,222,0,0
BRDA:1377,222,1,0
BRDA:1380,223,0,0
BRDA:1380,223,1,0
BRDA:1421,224,0,0
BRDA:1421,224,1,0
BRDA:1424,225,0,0
BRDA:1424,225,1,0
BRF:462
BRH:0
end_of_record
